<?xml version="1.0" encoding="UTF-8"?>
<!-- Generated by org.testng.reporters.JUnitReportReporter -->
<testsuite hostname="DESKTOP-C4H8AT4" failures="0" tests="4" name="TestLayer.LoginTest" time="45.981" errors="0" timestamp="2023-06-21T23:30:22 EDT" skipped="0">
  <testcase classname="TestLayer.LoginTest" name="title" time="6.555"/>
  <testcase classname="TestLayer.LoginTest" name="Login" time="13.178"/>
  <testcase classname="TestLayer.LoginTest" name="Login" time="13.241"/>
  <testcase classname="TestLayer.LoginTest" name="Login" time="13.007"/>
</testsuite> <!-- TestLayer.LoginTest -->
