<?xml version="1.0" encoding="UTF-8"?>
<!-- Generated by org.testng.reporters.JUnitReportReporter -->
<testsuite hostname="DESKTOP-C4H8AT4" failures="0" tests="4" name="TestLayer.LoginTest" time="46.896" errors="0" timestamp="2023-06-21T23:05:15 EDT" skipped="0">
  <testcase classname="TestLayer.LoginTest" name="title" time="6.655"/>
  <testcase classname="TestLayer.LoginTest" name="Login" time="12.952"/>
  <testcase classname="TestLayer.LoginTest" name="Login" time="14.097"/>
  <testcase classname="TestLayer.LoginTest" name="Login" time="13.192"/>
</testsuite> <!-- TestLayer.LoginTest -->
